<?xml version="1.0" encoding="UTF-8"?>
<!-- Generated by org.testng.reporters.JUnitReportReporter -->
<testsuite ignored="0" hostname="EFABILAL5400" failures="0" tests="1" name="loginTests.TC_01_CorrectLogin" time="1.492" errors="0" timestamp="10 oct. 2020 17:02:47 GMT" skipped="0">
  <testcase classname="loginTests.TC_01_CorrectLogin" name="TC_01" time="1.492"/>
</testsuite> <!-- loginTests.TC_01_CorrectLogin -->
