<?xml version="1.0" encoding="UTF-8"?>
<!-- Generated by org.testng.reporters.JUnitReportReporter -->
<testsuite ignored="0" hostname="EFABILAL5400" failures="0" tests="2" name="Automation_CoolTesters.Selenium.HardAssert" time="13.097" errors="0" timestamp="03 oct. 2020 16:03:54 GMT" skipped="0">
  <testcase classname="Automation_CoolTesters.Selenium.HardAssert" name="verificarTituloDePaginaBoolean" time="6.449"/>
  <testcase classname="Automation_CoolTesters.Selenium.HardAssert" name="verificarTituloDePagina" time="6.648"/>
</testsuite> <!-- Automation_CoolTesters.Selenium.HardAssert -->
