<?xml version="1.0" encoding="UTF-8"?>
<!-- Generated by org.testng.reporters.JUnitReportReporter -->
<testsuite ignored="0" hostname="EFABILAL5400" failures="0" tests="1" name="Automation_CoolTesters.Selenium.AppTest" time="0.008" errors="0" timestamp="12 sep. 2020 13:52:37 GMT" skipped="0">
  <testcase classname="Automation_CoolTesters.Selenium.AppTest" name="shouldAnswerWithTrue" time="0.008"/>
</testsuite> <!-- Automation_CoolTesters.Selenium.AppTest -->
