<?xml version="1.0" encoding="UTF-8"?>
<!-- Generated by org.testng.reporters.JUnitReportReporter -->
<testsuite ignored="0" hostname="EFABILAL5400" failures="0" tests="1" name="Automation_CoolTesters.Selenium.softAssert" time="0.009" errors="0" timestamp="03 oct. 2020 16:36:38 GMT" skipped="0">
  <testcase classname="Automation_CoolTesters.Selenium.softAssert" name="softAssertEquals" time="0.009"/>
</testsuite> <!-- Automation_CoolTesters.Selenium.softAssert -->
