<?xml version="1.0" encoding="UTF-8"?>
<!-- Generated by org.testng.reporters.JUnitReportReporter -->
<testsuite ignored="0" hostname="EFABILAL5400" failures="0" tests="1" name="loginTests.TC_02_IncorrectLogin" time="0.816" errors="0" timestamp="10 oct. 2020 17:02:47 GMT" skipped="0">
  <testcase classname="loginTests.TC_02_IncorrectLogin" name="TC_02" time="0.816"/>
</testsuite> <!-- loginTests.TC_02_IncorrectLogin -->
